  http_server.c
F:\Coding\C-HTTP-SERVER\C-HTTP-SERVER\src\http_server.c(22,12): warning C4133: '=': incompatible types - from 'DictEntry *' to 'Dict *'
F:\Coding\C-HTTP-SERVER\C-HTTP-SERVER\src\http_server.c(30,32): warning C4090: 'function': different 'const' qualifiers
F:\Coding\C-HTTP-SERVER\C-HTTP-SERVER\src\http_server.c(37,9): warning C4244: 'function': conversion from 'SOCKET' to 'int', possible loss of data
F:\Coding\C-HTTP-SERVER\C-HTTP-SERVER\src\http_server.c(48,2): warning C4013: 'inet_ntop' undefined; assuming extern returning int
F:\Coding\C-HTTP-SERVER\C-HTTP-SERVER\src\http_server.c(49,33): warning C4047: 'function': 'const char *' differs in levels of indirection from 'char *[16]'
F:\Coding\C-HTTP-SERVER\C-HTTP-SERVER\src\http_server.c(49,33): warning C4024: 'strcpy_s': different types for formal and actual parameter 3
F:\Coding\C-HTTP-SERVER\C-HTTP-SERVER\src\http_server.c(50,27): warning C4047: '=': 'char' differs in levels of indirection from 'char [2]'
F:\Coding\C-HTTP-SERVER\C-HTTP-SERVER\src\http_server.c(72,6): warning C4013: 'getaddrinfo' undefined; assuming extern returning int
F:\Coding\C-HTTP-SERVER\C-HTTP-SERVER\src\http_server.c(90,48): warning C4267: 'function': conversion from 'size_t' to 'int', possible loss of data
F:\Coding\C-HTTP-SERVER\C-HTTP-SERVER\src\http_server.c(127,9): warning C4047: 'function': 'SOCKET' differs in levels of indirection from 'SOCKET *'
F:\Coding\C-HTTP-SERVER\C-HTTP-SERVER\src\http_server.c(127,9): warning C4024: 'getIP': different types for formal and actual parameter 1
F:\Coding\C-HTTP-SERVER\C-HTTP-SERVER\src\http_server.c(127,31): warning C4047: 'function': 'char *' differs in levels of indirection from 'const char *[16]'
F:\Coding\C-HTTP-SERVER\C-HTTP-SERVER\src\http_server.c(127,31): warning C4024: 'getIP': different types for formal and actual parameter 3
F:\Coding\C-HTTP-SERVER\C-HTTP-SERVER\src\http_server.c(128,10): warning C4477: 'printf' : format string '%s' requires an argument of type 'char *', but variadic argument 1 has type 'const char **'
F:\Coding\C-HTTP-SERVER\C-HTTP-SERVER\src\http_server.c(165,66): warning C4028: formal parameter 3 different from declaration
F:\Coding\C-HTTP-SERVER\C-HTTP-SERVER\src\http_server.c(170,16): warning C4133: 'function': incompatible types - from 'Dict *' to 'DictEntry *'
F:\Coding\C-HTTP-SERVER\C-HTTP-SERVER\src\http_server.c(170,35): warning C4090: 'function': different 'const' qualifiers
F:\Coding\C-HTTP-SERVER\C-HTTP-SERVER\src\http_server.c(198,73): warning C4267: 'function': conversion from 'size_t' to 'unsigned int', possible loss of data
F:\Coding\C-HTTP-SERVER\C-HTTP-SERVER\src\http_server.c(244,19): warning C4020: 'notFound': too many actual parameters
F:\Coding\C-HTTP-SERVER\C-HTTP-SERVER\src\http_server.c(262,27): warning C4267: 'function': conversion from 'size_t' to 'int', possible loss of data
F:\Coding\C-HTTP-SERVER\C-HTTP-SERVER\src\http_server.c(277,17): warning C4133: 'function': incompatible types - from 'Dict *' to 'DictEntry *'
F:\Coding\C-HTTP-SERVER\C-HTTP-SERVER\src\http_server.c(274,15): warning C4133: 'initializing': incompatible types - from 'DictEntry *' to 'Dict *'
  Generating code
  Previous IOBJ not found, fall back to full compilation.
F:\Coding\C-HTTP-SERVER\C-HTTP-SERVER\src\dict.c(57): warning C4715: 'search': not all control paths return a value
  All 22 functions were compiled because no usable IPDB/IOBJ from previous compilation was found.
  Finished generating code
  C-HTTP-SERVER.vcxproj -> F:\Coding\C-HTTP-SERVER\x64\Release\C-HTTP-SERVER.exe
